2025-11-27T05:41:02.410Z - POST /api/auth/register
2025-11-27T05:41:05.907Z - POST /api/auth/login
2025-11-27T05:41:19.358Z - POST /api/presensi/check-in
2025-11-27T05:41:20.636Z - POST /api/presensi/check-in
2025-11-27T05:41:20.858Z - POST /api/presensi/check-in
2025-11-27T05:41:21.052Z - POST /api/presensi/check-in
2025-11-27T05:41:21.243Z - POST /api/presensi/check-in
2025-11-27T05:41:21.385Z - POST /api/presensi/check-in
2025-11-27T05:41:26.993Z - POST /api/presensi/check-in
2025-11-27T05:41:27.233Z - POST /api/presensi/check-in
2025-11-27T05:41:27.577Z - POST /api/presensi/check-in
2025-11-27T05:41:27.754Z - POST /api/presensi/check-in
2025-11-27T05:41:27.912Z - POST /api/presensi/check-in
2025-11-27T05:41:28.080Z - POST /api/presensi/check-in
2025-11-27T05:41:49.715Z - POST /api/presensi/check-in
2025-11-27T05:41:49.866Z - POST /api/presensi/check-in
2025-11-27T05:41:50.011Z - POST /api/presensi/check-in
2025-11-27T05:41:50.163Z - POST /api/presensi/check-in
2025-11-27T05:41:50.293Z - POST /api/presensi/check-in
2025-11-27T05:41:50.446Z - POST /api/presensi/check-in
2025-11-27T05:43:47.872Z - POST /api/presensi/check-in
2025-11-27T05:45:28.972Z - POST /api/presensi/check-in
2025-11-27T05:45:46.665Z - POST /api/presensi/check-in
2025-11-27T05:47:32.045Z - POST /api/presensi/check-in
2025-11-27T05:47:32.645Z - POST /api/presensi/check-in
2025-11-27T05:47:32.821Z - POST /api/presensi/check-in
2025-11-27T05:47:32.979Z - POST /api/presensi/check-in
2025-11-27T05:47:33.130Z - POST /api/presensi/check-in
2025-11-27T05:47:33.266Z - POST /api/presensi/check-in
2025-11-27T05:51:15.637Z - POST /api/auth/login
2025-11-27T05:51:21.230Z - POST /api/presensi/check-in
2025-11-27T05:51:27.918Z - POST /api/presensi/check-out
2025-11-27T05:57:36.090Z - POST /api/auth/register
2025-11-27T05:57:38.717Z - POST /api/auth/login
2025-11-27T06:03:40.355Z - POST /api/presensi/check-in
2025-11-27T06:03:50.497Z - POST /api/presensi/check-in
2025-11-27T06:03:52.358Z - POST /api/presensi/check-out
2025-11-27T06:04:11.743Z - POST /api/presensi/check-in
2025-11-27T06:05:33.385Z - POST /api/presensi/check-out
2025-11-29T01:05:06.287Z - POST /api/auth/login
2025-11-29T01:05:09.805Z - GET /api/reports/daily
2025-11-29T01:05:09.811Z - GET /api/reports/daily
2025-11-29T01:05:22.019Z - POST /api/auth/login
2025-11-29T01:05:23.451Z - GET /api/reports/daily
2025-11-29T01:05:23.456Z - GET /api/reports/daily
2025-11-29T01:07:29.164Z - GET /api/reports/daily
2025-11-29T01:08:00.987Z - GET /api/reports/daily
2025-11-29T01:08:00.989Z - GET /api/reports/daily
2025-11-29T01:08:01.635Z - GET /api/reports/daily
2025-11-29T01:08:01.638Z - GET /api/reports/daily
2025-11-29T01:08:14.760Z - POST /api/auth/login
2025-11-29T01:08:16.955Z - GET /api/reports/daily
2025-11-29T01:08:16.958Z - GET /api/reports/daily
2025-11-29T01:08:20.835Z - GET /api/reports/daily
2025-11-29T01:08:24.400Z - GET /api/reports/daily
2025-11-29T01:08:24.582Z - GET /api/reports/daily
2025-11-29T01:10:05.158Z - GET /api/reports/daily
2025-11-29T01:11:07.165Z - GET /api/reports/daily
2025-11-29T01:12:32.161Z - GET /api/reports/daily
2025-11-29T01:12:53.166Z - GET /api/reports/daily
2025-11-29T01:13:01.275Z - POST /api/presensi/check-in
2025-11-29T01:13:06.817Z - POST /api/presensi/check-in
2025-11-29T01:13:07.740Z - POST /api/presensi/check-out
2025-11-29T01:13:09.260Z - GET /api/reports/daily
2025-11-29T01:13:09.263Z - GET /api/reports/daily
2025-11-29T01:13:11.377Z - GET /api/reports/daily
2025-11-29T01:13:11.380Z - GET /api/reports/daily
2025-11-29T01:13:12.599Z - GET /api/reports/daily
2025-11-29T01:13:12.602Z - GET /api/reports/daily
2025-11-29T01:17:49.985Z - GET /api/reports/daily
2025-11-29T01:17:49.988Z - GET /api/reports/daily
2025-11-29T01:18:32.802Z - GET /api/reports/daily
2025-11-29T01:18:32.856Z - GET /api/reports/daily
2025-11-29T01:18:47.440Z - POST /api/auth/login
2025-11-29T01:18:49.928Z - POST /api/presensi/check-in
2025-11-29T01:18:50.757Z - POST /api/presensi/check-out
2025-11-29T01:18:58.676Z - POST /api/auth/login
2025-11-29T01:19:00.258Z - GET /api/reports/daily
2025-11-29T01:19:00.265Z - GET /api/reports/daily
2025-12-04T04:01:52.007Z - POST /api/auth/login
2025-12-04T04:03:18.116Z - POST /api/presensi/check-in
2025-12-04T04:03:21.928Z - POST /api/presensi/check-in
2025-12-04T04:25:58.333Z - POST /api/auth/login
2025-12-04T04:26:27.058Z - POST /api/presensi/check-in
2025-12-04T04:26:59.974Z - POST /api/presensi/check-in
2025-12-04T04:27:02.164Z - GET /api/reports/daily
2025-12-04T04:27:02.176Z - GET /api/reports/daily
2025-12-04T04:27:05.535Z - GET /api/reports/daily
2025-12-04T04:27:10.231Z - GET /api/reports/daily
2025-12-04T04:27:10.237Z - GET /api/reports/daily
2025-12-04T04:28:06.695Z - POST /api/presensi/check-out
2025-12-04T04:28:10.088Z - GET /api/reports/daily
2025-12-04T04:28:10.093Z - GET /api/reports/daily
2025-12-04T04:28:19.705Z - POST /api/presensi/check-in
2025-12-04T04:28:20.812Z - POST /api/presensi/check-out
2025-12-04T04:28:22.298Z - GET /api/reports/daily
2025-12-04T04:28:22.303Z - GET /api/reports/daily
2025-12-04T04:38:03.188Z - POST /api/presensi/check-in
2025-12-04T04:38:04.531Z - POST /api/presensi/check-in
2025-12-04T04:38:05.120Z - POST /api/presensi/check-in
2025-12-04T04:38:05.374Z - POST /api/presensi/check-in
2025-12-04T04:38:05.586Z - POST /api/presensi/check-in
2025-12-04T04:39:29.139Z - POST /api/presensi/check-in
2025-12-04T04:39:30.210Z - POST /api/presensi/check-out
2025-12-04T04:39:31.723Z - GET /api/reports/daily
2025-12-04T04:39:31.734Z - GET /api/reports/daily
2025-12-04T04:45:34.104Z - GET /api/reports/daily
2025-12-04T04:45:34.118Z - GET /api/reports/daily
2025-12-04T04:45:34.804Z - GET /api/reports/daily
2025-12-04T04:45:34.810Z - GET /api/reports/daily
2025-12-04T04:46:46.440Z - POST /api/presensi/check-in
2025-12-04T04:46:48.214Z - POST /api/presensi/check-out
2025-12-04T04:46:49.349Z - GET /api/reports/daily
2025-12-04T04:46:49.360Z - GET /api/reports/daily
2025-12-04T04:46:58.381Z - GET /api/reports/daily?nama=dipak
2025-12-04T04:50:14.836Z - GET /api/reports/daily
2025-12-04T04:50:14.845Z - GET /api/reports/daily
2025-12-04T04:50:22.179Z - GET /api/presensi/check-in
2025-12-04T04:50:25.321Z - GET /api/presensi/check-in
2025-12-04T04:50:26.027Z - GET /api/presensi/check-in
2025-12-04T04:50:26.292Z - GET /api/presensi/check-in
2025-12-04T04:50:26.549Z - GET /api/presensi/check-in
2025-12-04T04:52:02.328Z - GET /api/reports
2025-12-04T04:52:02.712Z - GET /api/reports
2025-12-04T04:52:03.302Z - GET /api/reports
2025-12-04T04:52:03.470Z - GET /api/reports
2025-12-04T04:52:03.694Z - GET /api/reports
2025-12-04T04:52:27.476Z - GET /api/reports/daily
2025-12-04T04:52:27.487Z - GET /api/reports/daily
2025-12-04T04:52:43.788Z - GET /api/reports/daily
2025-12-04T04:55:39.749Z - GET /api/reports/daily
2025-12-04T04:55:39.813Z - GET /api/reports/daily
2025-12-04T04:56:38.372Z - GET /api/reports/daily
2025-12-04T04:56:38.447Z - GET /api/reports/daily
2025-12-04T04:57:26.479Z - POST /api/presensi/check-in
2025-12-04T04:57:28.162Z - POST /api/presensi/check-out
2025-12-04T04:57:30.175Z - GET /api/reports/daily
2025-12-04T04:57:30.182Z - GET /api/reports/daily
2025-12-04T05:05:49.969Z - GET /api/reports/daily
2025-12-04T05:05:49.982Z - GET /api/reports/daily
2025-12-04T05:09:22.336Z - POST /api/presensi/check-in
2025-12-04T05:09:23.273Z - POST /api/presensi/check-in
2025-12-04T05:09:23.473Z - POST /api/presensi/check-in
2025-12-04T05:09:23.655Z - POST /api/presensi/check-in
2025-12-04T05:20:26.812Z - POST /api/presensi/check-in
2025-12-04T05:20:28.118Z - POST /api/presensi/check-out
2025-12-04T05:20:29.504Z - GET /api/reports/daily
2025-12-04T05:20:29.514Z - GET /api/reports/daily
2025-12-04T05:20:29.520Z - GET /uploads/3-1764825626822.jpg
